# JRE version: Java(TM) SE Runtime Environment (8.0_241-b07) (build 1.8.0_241-b07)
# Java VM: Java HotSpot(TM) 64-Bit Server VM (25.241-b07 mixed mode windows-amd64 compressed oops)
Heap:
 PSYoungGen      total 359936K, used 170216K [0x000000076d600000, 0x0000000785700000, 0x00000007c0000000)
  eden space 340992K, 49% used [0x000000076d600000,0x0000000777c3a288,0x0000000782300000)
  from space 18944K, 0% used [0x0000000783980000,0x0000000783980000,0x0000000784c00000)
  to   space 23040K, 0% used [0x0000000782300000,0x0000000782300000,0x0000000783980000)
 ParOldGen       total 239616K, used 41784K [0x00000006c8200000, 0x00000006d6c00000, 0x000000076d600000)
  object space 239616K, 17% used [0x00000006c8200000,0x00000006caace3c8,0x00000006d6c00000)
 Metaspace       used 62073K, capacity 64356K, committed 64512K, reserved 1105920K
  class space    used 7695K, capacity 8070K, committed 8192K, reserved 1048576K
GC Heap History (10 events):
Event: 7.974 GC heap before
{Heap before GC invocations=9 (full 2):
 PSYoungGen      total 201728K, used 10208K [0x000000076d600000, 0x000000077ff00000, 0x00000007c0000000)
  eden space 191488K, 0% used [0x000000076d600000,0x000000076d600000,0x0000000779100000)
  from space 10240K, 99% used [0x0000000779100000,0x0000000779af8248,0x0000000779b00000)
  to   space 11776K, 0% used [0x000000077f380000,0x000000077f380000,0x000000077ff00000)
 ParOldGen       total 99840K, used 9374K [0x00000006c8200000, 0x00000006ce380000, 0x000000076d600000)
  object space 99840K, 9% used [0x00000006c8200000,0x00000006c8b279e8,0x00000006ce380000)
 Metaspace       used 34386K, capacity 35334K, committed 35416K, reserved 1081344K
  class space    used 4339K, capacity 4561K, committed 4608K, reserved 1048576K
Event: 8.075 GC heap after
Heap after GC invocations=9 (full 2):
 PSYoungGen      total 201728K, used 0K [0x000000076d600000, 0x000000077ff00000, 0x00000007c0000000)
  eden space 191488K, 0% used [0x000000076d600000,0x000000076d600000,0x0000000779100000)
  from space 10240K, 0% used [0x0000000779100000,0x0000000779100000,0x0000000779b00000)
  to   space 11776K, 0% used [0x000000077f380000,0x000000077f380000,0x000000077ff00000)
 ParOldGen       total 158208K, used 16059K [0x00000006c8200000, 0x00000006d1c80000, 0x000000076d600000)
  object space 158208K, 10% used [0x00000006c8200000,0x00000006c91aeda8,0x00000006d1c80000)
 Metaspace       used 34386K, capacity 35334K, committed 35416K, reserved 1081344K
  class space    used 4339K, capacity 4561K, committed 4608K, reserved 1048576K
}
Event: 11.339 GC heap before
{Heap before GC invocations=10 (full 2):
 PSYoungGen      total 201728K, used 191488K [0x000000076d600000, 0x000000077ff00000, 0x00000007c0000000)
  eden space 191488K, 100% used [0x000000076d600000,0x0000000779100000,0x0000000779100000)
  from space 10240K, 0% used [0x0000000779100000,0x0000000779100000,0x0000000779b00000)
  to   space 11776K, 0% used [0x000000077f380000,0x000000077f380000,0x000000077ff00000)
 ParOldGen       total 158208K, used 16059K [0x00000006c8200000, 0x00000006d1c80000, 0x000000076d600000)
  object space 158208K, 10% used [0x00000006c8200000,0x00000006c91aeda8,0x00000006d1c80000)
 Metaspace       used 44627K, capacity 46022K, committed 46336K, reserved 1089536K
  class space    used 5582K, capacity 5831K, committed 5888K, reserved 1048576K
Event: 11.362 GC heap after
Heap after GC invocations=10 (full 2):
 PSYoungGen      total 286208K, used 11764K [0x000000076d600000, 0x000000077ff00000, 0x00000007c0000000)
  eden space 274432K, 0% used [0x000000076d600000,0x000000076d600000,0x000000077e200000)
  from space 11776K, 99% used [0x000000077f380000,0x000000077fefd058,0x000000077ff00000)
  to   space 13312K, 0% used [0x000000077e500000,0x000000077e500000,0x000000077f200000)
 ParOldGen       total 158208K, used 16522K [0x00000006c8200000, 0x00000006d1c80000, 0x000000076d600000)
  object space 158208K, 10% used [0x00000006c8200000,0x00000006c9222b98,0x00000006d1c80000)
 Metaspace       used 44627K, capacity 46022K, committed 46336K, reserved 1089536K
  class space    used 5582K, capacity 5831K, committed 5888K, reserved 1048576K
}
Event: 14.132 GC heap before
{Heap before GC invocations=11 (full 2):
 PSYoungGen      total 286208K, used 286196K [0x000000076d600000, 0x000000077ff00000, 0x00000007c0000000)
  eden space 274432K, 100% used [0x000000076d600000,0x000000077e200000,0x000000077e200000)
  from space 11776K, 99% used [0x000000077f380000,0x000000077fefd058,0x000000077ff00000)
  to   space 13312K, 0% used [0x000000077e500000,0x000000077e500000,0x000000077f200000)
 ParOldGen       total 158208K, used 16522K [0x00000006c8200000, 0x00000006d1c80000, 0x000000076d600000)
  object space 158208K, 10% used [0x00000006c8200000,0x00000006c9222b98,0x00000006d1c80000)
 Metaspace       used 51657K, capacity 53098K, committed 53376K, reserved 1095680K
  class space    used 6408K, capacity 6707K, committed 6784K, reserved 1048576K
Event: 14.173 GC heap after
Heap after GC invocations=11 (full 2):
 PSYoungGen      total 290816K, used 13283K [0x000000076d600000, 0x0000000784c00000, 0x00000007c0000000)
  eden space 277504K, 0% used [0x000000076d600000,0x000000076d600000,0x000000077e500000)
  from space 13312K, 99% used [0x000000077e500000,0x000000077f1f8fe0,0x000000077f200000)
  to   space 18944K, 0% used [0x0000000783980000,0x0000000783980000,0x0000000784c00000)
 ParOldGen       total 158208K, used 27047K [0x00000006c8200000, 0x00000006d1c80000, 0x000000076d600000)
  object space 158208K, 17% used [0x00000006c8200000,0x00000006c9c69f80,0x00000006d1c80000)
 Metaspace       used 51657K, capacity 53098K, committed 53376K, reserved 1095680K
  class space    used 6408K, capacity 6707K, committed 6784K, reserved 1048576K
}
Event: 16.072 GC heap before
{Heap before GC invocations=12 (full 2):
 PSYoungGen      total 290816K, used 277307K [0x000000076d600000, 0x0000000784c00000, 0x00000007c0000000)
  eden space 277504K, 95% used [0x000000076d600000,0x000000077d7d5cf8,0x000000077e500000)
  from space 13312K, 99% used [0x000000077e500000,0x000000077f1f8fe0,0x000000077f200000)
  to   space 18944K, 0% used [0x0000000783980000,0x0000000783980000,0x0000000784c00000)
 ParOldGen       total 158208K, used 27047K [0x00000006c8200000, 0x00000006d1c80000, 0x000000076d600000)
  object space 158208K, 17% used [0x00000006c8200000,0x00000006c9c69f80,0x00000006d1c80000)
 Metaspace       used 57208K, capacity 58796K, committed 59008K, reserved 1101824K
  class space    used 6996K, capacity 7274K, committed 7296K, reserved 1048576K
Event: 16.101 GC heap after
Heap after GC invocations=12 (full 2):
 PSYoungGen      total 359936K, used 18930K [0x000000076d600000, 0x0000000785700000, 0x00000007c0000000)
  eden space 340992K, 0% used [0x000000076d600000,0x000000076d600000,0x0000000782300000)
  from space 18944K, 99% used [0x0000000783980000,0x0000000784bfc880,0x0000000784c00000)
  to   space 23040K, 0% used [0x0000000782300000,0x0000000782300000,0x0000000783980000)
 ParOldGen       total 158208K, used 32091K [0x00000006c8200000, 0x00000006d1c80000, 0x000000076d600000)
  object space 158208K, 20% used [0x00000006c8200000,0x00000006ca156e88,0x00000006d1c80000)
 Metaspace       used 57208K, capacity 58796K, committed 59008K, reserved 1101824K
  class space    used 6996K, capacity 7274K, committed 7296K, reserved 1048576K
}
Event: 16.101 GC heap before
{Heap before GC invocations=13 (full 3):
 PSYoungGen      total 359936K, used 18930K [0x000000076d600000, 0x0000000785700000, 0x00000007c0000000)
  eden space 340992K, 0% used [0x000000076d600000,0x000000076d600000,0x0000000782300000)
  from space 18944K, 99% used [0x0000000783980000,0x0000000784bfc880,0x0000000784c00000)
  to   space 23040K, 0% used [0x0000000782300000,0x0000000782300000,0x0000000783980000)
 ParOldGen       total 158208K, used 32091K [0x00000006c8200000, 0x00000006d1c80000, 0x000000076d600000)
  object space 158208K, 20% used [0x00000006c8200000,0x00000006ca156e88,0x00000006d1c80000)
 Metaspace       used 57208K, capacity 58796K, committed 59008K, reserved 1101824K
  class space    used 6996K, capacity 7274K, committed 7296K, reserved 1048576K
Event: 16.324 GC heap after
Heap after GC invocations=13 (full 3):
 PSYoungGen      total 359936K, used 0K [0x000000076d600000, 0x0000000785700000, 0x00000007c0000000)
  eden space 340992K, 0% used [0x000000076d600000,0x000000076d600000,0x0000000782300000)
  from space 18944K, 0% used [0x0000000783980000,0x0000000783980000,0x0000000784c00000)
  to   space 23040K, 0% used [0x0000000782300000,0x0000000782300000,0x0000000783980000)
 ParOldGen       total 239616K, used 41784K [0x00000006c8200000, 0x00000006d6c00000, 0x000000076d600000)
  object space 239616K, 17% used [0x00000006c8200000,0x00000006caace3c8,0x00000006d6c00000)
 Metaspace       used 57208K, capacity 58796K, committed 59008K, reserved 1101824K
  class space    used 6996K, capacity 7274K, committed 7296K, reserved 1048576K
}

